<?xml version="1.0" encoding="UTF-8"?>
<!-- Generated by org.testng.reporters.JUnitReportReporter -->
<testsuite hostname="QA-Lead-Myilvaganan" failures="0" tests="1" name="com.orangehrm.tests.LoginTest" time="9.089" errors="0" timestamp="2025-09-13T12:02:58 IST" skipped="0">
  <testcase classname="com.orangehrm.tests.LoginTest" name="validLoginTest" time="9.089"/>
</testsuite> <!-- com.orangehrm.tests.LoginTest -->
